2026-02-18 14:14:22,337 INFO START main()
2026-02-18 14:14:22,350 INFO START _load_data('presupuesto.xlsx')
2026-02-18 14:14:22,351 INFO START _read_data_file('presupuesto.xlsx')
2026-02-18 14:14:22,623 INFO END _read_data_file elapsed=0.271835s
2026-02-18 14:14:22,623 INFO END _load_data elapsed=0.272870s
2026-02-18 14:14:22,637 INFO END main elapsed=0.294685s
2026-02-18 14:15:10,676 INFO START main()
2026-02-18 14:15:10,676 INFO START _load_data('presupuesto.xlsx')
2026-02-18 14:15:10,676 INFO START _read_data_file('presupuesto.xlsx')
2026-02-18 14:15:10,816 INFO END _read_data_file elapsed=0.137738s
2026-02-18 14:15:10,816 INFO END _load_data elapsed=0.138612s
2026-02-18 14:15:11,077 INFO END main elapsed=0.398591s
2026-02-18 14:16:21,891 INFO START main()
2026-02-18 14:16:21,891 INFO START _load_data('presupuesto.xlsx')
2026-02-18 14:16:21,891 INFO START _read_data_file('presupuesto.xlsx')
2026-02-18 14:16:22,036 INFO END _read_data_file elapsed=0.134794s
2026-02-18 14:16:22,036 INFO END _load_data elapsed=0.135638s
2026-02-18 14:16:22,179 INFO END main elapsed=0.280373s
2026-02-18 14:17:30,175 INFO START main()
2026-02-18 14:17:30,176 INFO START _load_data('presupuesto.xlsx')
2026-02-18 14:17:30,176 INFO START _read_data_file('presupuesto.xlsx')
2026-02-18 14:17:30,318 INFO END _read_data_file elapsed=0.140440s
2026-02-18 14:17:30,318 INFO END _load_data elapsed=0.141515s
2026-02-18 14:17:30,469 INFO END main elapsed=0.294911s
2026-02-18 14:19:08,183 INFO START main()
2026-02-18 14:19:08,203 INFO START _load_data('presupuesto.xlsx')
2026-02-18 14:19:08,204 INFO START _read_data_file('presupuesto.xlsx')
2026-02-18 14:19:08,576 INFO END _read_data_file elapsed=0.371198s
2026-02-18 14:19:08,576 INFO END _load_data elapsed=0.372361s
2026-02-18 14:19:08,783 INFO END main elapsed=0.587747s
2026-02-18 14:19:40,424 INFO START main()
2026-02-18 14:19:40,426 INFO START _load_data('presupuesto.xlsx')
2026-02-18 14:19:40,427 INFO START _read_data_file('presupuesto.xlsx')
2026-02-18 14:19:40,579 INFO END _read_data_file elapsed=0.152092s
2026-02-18 14:19:40,579 INFO END _load_data elapsed=0.153344s
2026-02-18 14:19:40,771 INFO END main elapsed=0.345587s
2026-02-18 14:19:44,454 INFO START main()
2026-02-18 14:19:44,454 INFO START _load_data('presupuesto.xlsx')
2026-02-18 14:19:44,454 INFO START _read_data_file('presupuesto.xlsx')
2026-02-18 14:19:44,596 INFO END _read_data_file elapsed=0.137286s
2026-02-18 14:19:44,596 INFO END _load_data elapsed=0.138221s
2026-02-18 14:19:44,733 INFO END main elapsed=0.275340s
2026-02-18 14:21:30,303 INFO START main()
2026-02-18 14:21:30,303 INFO START _load_data('presupuesto.xlsx')
2026-02-18 14:21:30,303 INFO START _read_data_file('presupuesto.xlsx')
2026-02-18 14:21:30,439 INFO END _read_data_file elapsed=0.133036s
2026-02-18 14:21:30,439 INFO END _load_data elapsed=0.134000s
2026-02-18 14:21:30,602 INFO END main elapsed=0.291478s
2026-02-18 14:25:42,690 INFO START main()
2026-02-18 14:25:42,699 INFO START _load_data('presupuesto.xlsx')
2026-02-18 14:25:42,699 INFO START _read_data_file('presupuesto.xlsx')
2026-02-18 14:25:43,077 INFO END _read_data_file elapsed=0.381553s
2026-02-18 14:25:43,077 INFO END _load_data elapsed=0.382459s
2026-02-18 14:25:43,280 INFO END main elapsed=0.588529s
2026-02-18 14:29:41,361 INFO START main()
2026-02-18 14:29:41,368 INFO START _load_data('presupuesto.xlsx')
2026-02-18 14:29:41,369 INFO START _read_data_file('presupuesto.xlsx')
2026-02-18 14:29:41,712 INFO END _read_data_file elapsed=0.354798s
2026-02-18 14:29:41,712 INFO END _load_data elapsed=0.355716s
2026-02-18 14:29:41,798 INFO AgGrid PREP rows=36 cols=15 mem=8594B est_payload=10312B key=aggrid_gastos_mes
2026-02-18 14:29:41,847 INFO AgGrid PREP rows=6 cols=15 mem=1705B est_payload=2046B key=aggrid_ingresos_mes
2026-02-18 14:29:41,933 INFO END main elapsed=0.571849s
2026-02-18 14:31:41,489 INFO START main()
2026-02-18 14:31:41,531 INFO AgGrid PREP rows=36 cols=15 mem=8594B est_payload=10312B key=aggrid_gastos_mes
2026-02-18 14:31:41,544 ERROR AgGrid SERIALIZE measurement failed
Traceback (most recent call last):
  File "C:\Users\BetoFlint\Desktop\Proyecto Ppto\App.py", line 402, in _render_aggrid_sum_view
    t0 = time.perf_counter()
         ^^^^
NameError: name 'time' is not defined
2026-02-18 14:31:41,568 INFO AgGrid PREP rows=6 cols=15 mem=1705B est_payload=2046B key=aggrid_ingresos_mes
2026-02-18 14:31:41,581 ERROR AgGrid SERIALIZE measurement failed
Traceback (most recent call last):
  File "C:\Users\BetoFlint\Desktop\Proyecto Ppto\App.py", line 402, in _render_aggrid_sum_view
    t0 = time.perf_counter()
         ^^^^
NameError: name 'time' is not defined
2026-02-18 14:31:41,647 INFO END main elapsed=0.152051s
2026-02-18 14:32:23,943 INFO START main()
2026-02-18 14:32:23,983 INFO AgGrid PREP rows=36 cols=15 mem=8594B est_payload=10312B key=aggrid_gastos_mes
2026-02-18 14:32:23,997 INFO AgGrid SERIALIZE size=9533B elapsed=0.000332s key=aggrid_gastos_mes
2026-02-18 14:32:24,018 INFO AgGrid PREP rows=6 cols=15 mem=1705B est_payload=2046B key=aggrid_ingresos_mes
2026-02-18 14:32:24,029 INFO AgGrid SERIALIZE size=1575B elapsed=0.000127s key=aggrid_ingresos_mes
2026-02-18 14:32:24,096 INFO END main elapsed=0.148674s
2026-02-18 14:33:57,686 INFO START main()
2026-02-18 14:33:57,731 INFO AgGrid PREP rows=36 cols=15 mem=8594B est_payload=10312B key=aggrid_gastos_mes
2026-02-18 14:33:57,745 INFO AgGrid SERIALIZE size=9533B elapsed=0.000309s key=aggrid_gastos_mes
2026-02-18 14:33:57,752 INFO AgGrid CALL elapsed=0.006451s key=aggrid_gastos_mes
2026-02-18 14:33:57,771 INFO AgGrid PREP rows=6 cols=15 mem=1705B est_payload=2046B key=aggrid_ingresos_mes
2026-02-18 14:33:57,783 INFO AgGrid SERIALIZE size=1575B elapsed=0.000122s key=aggrid_ingresos_mes
2026-02-18 14:33:57,791 INFO AgGrid CALL elapsed=0.007192s key=aggrid_ingresos_mes
2026-02-18 14:33:57,851 INFO END main elapsed=0.156419s
2026-02-18 14:36:37,689 INFO START main()
2026-02-18 14:36:37,712 INFO START _load_data('presupuesto.xlsx')
2026-02-18 14:36:37,712 INFO START _read_data_file('presupuesto.xlsx')
2026-02-18 14:36:38,074 INFO END _read_data_file elapsed=0.362998s
2026-02-18 14:36:38,074 INFO END _load_data elapsed=0.363880s
2026-02-18 14:36:38,150 INFO AgGrid PREP rows=36 cols=15 mem=8594B est_payload=10312B key=aggrid_gastos_mes
2026-02-18 14:36:38,164 INFO AgGrid SERIALIZE size=9533B elapsed=0.000374s key=aggrid_gastos_mes
2026-02-18 14:36:38,184 INFO AgGrid CALL elapsed=0.018238s key=aggrid_gastos_mes
2026-02-18 14:36:38,209 INFO AgGrid PREP rows=6 cols=15 mem=1705B est_payload=2046B key=aggrid_ingresos_mes
2026-02-18 14:36:38,229 INFO AgGrid SERIALIZE size=1575B elapsed=0.000217s key=aggrid_ingresos_mes
2026-02-18 14:36:38,238 INFO AgGrid CALL elapsed=0.008316s key=aggrid_ingresos_mes
2026-02-18 14:36:38,299 INFO END main elapsed=0.595378s
2026-02-18 14:36:44,908 INFO START main()
2026-02-18 14:36:44,948 INFO AgGrid PREP rows=36 cols=15 mem=8594B est_payload=10312B key=aggrid_gastos_mes
2026-02-18 14:36:44,965 INFO AgGrid SERIALIZE size=9533B elapsed=0.000299s key=aggrid_gastos_mes
2026-02-18 14:36:44,974 INFO AgGrid CALL elapsed=0.008541s key=aggrid_gastos_mes
2026-02-18 14:36:44,992 INFO AgGrid PREP rows=6 cols=15 mem=1705B est_payload=2046B key=aggrid_ingresos_mes
2026-02-18 14:36:45,004 INFO AgGrid SERIALIZE size=1575B elapsed=0.000133s key=aggrid_ingresos_mes
2026-02-18 14:36:45,012 INFO AgGrid CALL elapsed=0.008208s key=aggrid_ingresos_mes
2026-02-18 14:36:45,069 INFO END main elapsed=0.159019s
2026-02-18 14:37:31,385 INFO START main()
2026-02-18 14:37:31,427 INFO AgGrid PREP rows=36 cols=15 mem=8594B est_payload=10312B key=aggrid_gastos_mes
2026-02-18 14:37:31,442 INFO AgGrid SERIALIZE size=9533B elapsed=0.000373s key=aggrid_gastos_mes
2026-02-18 14:37:31,452 INFO AgGrid CALL elapsed=0.008429s key=aggrid_gastos_mes
2026-02-18 14:37:31,471 INFO AgGrid PREP rows=6 cols=15 mem=1705B est_payload=2046B key=aggrid_ingresos_mes
2026-02-18 14:37:31,483 INFO AgGrid SERIALIZE size=1575B elapsed=0.000181s key=aggrid_ingresos_mes
2026-02-18 14:37:31,490 INFO AgGrid CALL elapsed=0.007145s key=aggrid_ingresos_mes
2026-02-18 14:37:31,556 INFO END main elapsed=0.168647s
2026-02-18 14:49:15,621 INFO START main()
2026-02-18 14:49:15,632 INFO START _load_data('presupuesto.xlsx')
2026-02-18 14:49:15,633 INFO START _read_data_file('presupuesto.xlsx')
2026-02-18 14:49:16,027 INFO END _read_data_file elapsed=0.394035s
2026-02-18 14:49:16,028 INFO END _load_data elapsed=0.395288s
2026-02-18 14:49:16,104 INFO AgGrid PREP rows=36 cols=15 mem=8594B est_payload=10312B key=aggrid_gastos_mes
2026-02-18 14:49:16,114 INFO AgGrid SERIALIZE size=9533B elapsed=0.000357s key=aggrid_gastos_mes
2026-02-18 14:49:16,131 INFO AgGrid CALL elapsed=0.015800s key=aggrid_gastos_mes
2026-02-18 14:49:16,147 INFO AgGrid PREP rows=6 cols=15 mem=1705B est_payload=2046B key=aggrid_ingresos_mes
2026-02-18 14:49:16,162 INFO AgGrid SERIALIZE size=1575B elapsed=0.000139s key=aggrid_ingresos_mes
2026-02-18 14:49:16,168 INFO AgGrid CALL elapsed=0.005875s key=aggrid_ingresos_mes
2026-02-18 14:49:16,232 INFO END main elapsed=0.607375s
2026-02-18 14:49:24,271 INFO START main()
2026-02-18 14:49:24,311 INFO AgGrid PREP rows=36 cols=15 mem=8594B est_payload=10312B key=aggrid_gastos_mes
2026-02-18 14:49:24,324 INFO AgGrid SERIALIZE size=9533B elapsed=0.000244s key=aggrid_gastos_mes
2026-02-18 14:49:24,330 INFO AgGrid CALL elapsed=0.007771s key=aggrid_gastos_mes
2026-02-18 14:49:24,347 INFO AgGrid PREP rows=6 cols=15 mem=1705B est_payload=2046B key=aggrid_ingresos_mes
2026-02-18 14:49:24,357 INFO AgGrid SERIALIZE size=1575B elapsed=0.000126s key=aggrid_ingresos_mes
2026-02-18 14:49:24,365 INFO AgGrid CALL elapsed=0.007258s key=aggrid_ingresos_mes
2026-02-18 14:49:24,422 INFO END main elapsed=0.148528s
2026-02-18 14:49:51,812 INFO START main()
2026-02-18 14:49:51,849 INFO AgGrid PREP rows=36 cols=15 mem=8594B est_payload=10312B key=aggrid_gastos_mes
2026-02-18 14:49:51,858 INFO AgGrid SERIALIZE size=9533B elapsed=0.000249s key=aggrid_gastos_mes
2026-02-18 14:49:51,867 INFO AgGrid CALL elapsed=0.008007s key=aggrid_gastos_mes
2026-02-18 14:49:51,884 INFO AgGrid PREP rows=6 cols=15 mem=1705B est_payload=2046B key=aggrid_ingresos_mes
2026-02-18 14:49:51,893 INFO AgGrid SERIALIZE size=1575B elapsed=0.000222s key=aggrid_ingresos_mes
2026-02-18 14:49:51,902 INFO AgGrid CALL elapsed=0.007882s key=aggrid_ingresos_mes
2026-02-18 14:49:51,974 INFO END main elapsed=0.161047s
2026-02-18 14:49:56,899 INFO START main()
2026-02-18 14:49:56,937 INFO AgGrid PREP rows=36 cols=15 mem=8594B est_payload=10312B key=aggrid_gastos_mes
2026-02-18 14:49:56,948 INFO AgGrid SERIALIZE size=9533B elapsed=0.000245s key=aggrid_gastos_mes
2026-02-18 14:49:56,956 INFO AgGrid CALL elapsed=0.007146s key=aggrid_gastos_mes
2026-02-18 14:49:56,973 INFO AgGrid PREP rows=6 cols=15 mem=1705B est_payload=2046B key=aggrid_ingresos_mes
2026-02-18 14:49:56,980 INFO AgGrid SERIALIZE size=1575B elapsed=0.000132s key=aggrid_ingresos_mes
2026-02-18 14:49:56,990 INFO AgGrid CALL elapsed=0.008910s key=aggrid_ingresos_mes
2026-02-18 14:49:57,070 INFO END main elapsed=0.168352s
2026-02-18 14:53:12,949 INFO START main()
2026-02-18 14:53:12,958 INFO START _load_data('presupuesto.xlsx')
2026-02-18 14:53:12,959 INFO START _read_data_file('presupuesto.xlsx')
2026-02-18 14:53:13,320 INFO END _read_data_file elapsed=0.362371s
2026-02-18 14:53:13,320 INFO END _load_data elapsed=0.363312s
2026-02-18 14:53:13,489 INFO END main elapsed=0.539575s
2026-02-18 14:58:18,675 INFO START main()
2026-02-18 14:58:18,696 INFO START _load_data('presupuesto.xlsx')
2026-02-18 14:58:18,697 INFO START _read_data_file('presupuesto.xlsx')
2026-02-18 14:58:19,038 INFO END _read_data_file elapsed=0.354202s
2026-02-18 14:58:19,038 INFO END _load_data elapsed=0.355237s
2026-02-18 14:58:19,232 INFO END main elapsed=0.543582s
2026-02-18 14:59:30,104 INFO START main()
2026-02-18 14:59:30,112 INFO START _load_data('presupuesto.xlsx')
2026-02-18 14:59:30,113 INFO START _read_data_file('presupuesto.xlsx')
2026-02-18 14:59:30,473 INFO END _read_data_file elapsed=0.359630s
2026-02-18 14:59:30,473 INFO END _load_data elapsed=0.360598s
2026-02-18 14:59:30,653 INFO END main elapsed=0.547392s
2026-02-18 15:01:45,103 INFO START main()
2026-02-18 15:01:45,112 INFO START _load_data('presupuesto.xlsx')
2026-02-18 15:01:45,113 INFO START _read_data_file('presupuesto.xlsx')
2026-02-18 15:01:45,494 INFO END _read_data_file elapsed=0.385761s
2026-02-18 15:01:45,494 INFO END _load_data elapsed=0.386650s
2026-02-18 15:01:45,702 INFO END main elapsed=0.597123s
2026-02-18 15:07:30,183 INFO START main()
2026-02-18 15:07:30,320 INFO END main elapsed=0.136839s
2026-02-18 15:07:37,800 INFO START main()
2026-02-18 15:07:37,938 INFO END main elapsed=0.132373s
2026-02-18 15:07:41,241 INFO START main()
2026-02-18 15:07:41,368 INFO END main elapsed=0.124101s
2026-02-18 15:08:45,032 INFO START main()
2026-02-18 15:08:45,174 INFO END main elapsed=0.141999s
2026-02-18 15:09:18,371 INFO START main()
2026-02-18 15:09:18,499 INFO END main elapsed=0.124575s
2026-02-18 15:26:24,825 INFO START init_db()
2026-02-18 15:26:24,826 INFO START init_db()
2026-02-18 15:26:25,986 INFO END init_db elapsed=1.159583s
2026-02-18 15:26:25,990 INFO END init_db elapsed=1.164755s
2026-02-18 15:26:42,721 INFO START init_db()
2026-02-18 15:26:43,871 INFO END init_db elapsed=1.155960s
2026-02-18 15:26:43,879 INFO START verify_login('admin', 'admin123')
2026-02-18 15:26:45,254 INFO END verify_login elapsed=1.371920s
2026-02-18 15:26:45,304 INFO START init_db()
2026-02-18 15:26:46,454 INFO END init_db elapsed=1.149943s
2026-02-18 15:26:46,454 INFO START main()
2026-02-18 15:26:46,454 INFO START _load_data('presupuesto.xlsx')
2026-02-18 15:26:46,454 INFO START _read_data_file('presupuesto.xlsx')
2026-02-18 15:26:46,902 INFO END _read_data_file elapsed=0.440949s
2026-02-18 15:26:46,902 INFO END _load_data elapsed=0.441953s
2026-02-18 15:26:47,146 INFO END main elapsed=0.688607s
2026-02-18 15:27:12,634 INFO START init_db()
2026-02-18 15:27:13,789 INFO END init_db elapsed=1.159600s
2026-02-18 15:27:13,789 INFO START main()
2026-02-18 15:27:13,797 INFO END main elapsed=0.001824s
2026-02-18 15:27:13,846 INFO START init_db()
2026-02-18 15:27:14,996 INFO END init_db elapsed=1.147733s
2026-02-18 15:27:31,733 INFO START init_db()
2026-02-18 15:27:32,883 INFO END init_db elapsed=1.150552s
2026-02-18 15:28:31,547 INFO START init_db()
2026-02-18 15:28:32,692 INFO END init_db elapsed=1.142851s
2026-02-18 15:28:32,696 INFO START verify_login('admin', 'admin123')
2026-02-18 15:28:34,056 INFO END verify_login elapsed=1.361570s
2026-02-18 15:28:34,106 INFO START init_db()
2026-02-18 15:28:35,247 INFO END init_db elapsed=1.146564s
2026-02-18 15:28:35,247 INFO START main()
2026-02-18 15:28:35,424 INFO END main elapsed=0.170040s
2026-02-18 15:46:02,031 INFO START load_data()
2026-02-18 15:46:05,774 INFO END load_data elapsed=3.753158s
2026-02-18 15:46:05,774 INFO START save_data(<dict>)
2026-02-18 15:46:09,897 INFO END save_data elapsed=4.110172s
2026-02-18 15:46:09,897 INFO START load_data()
2026-02-18 15:46:12,376 INFO END load_data elapsed=2.478080s
2026-02-18 15:47:29,156 INFO START load_data()
2026-02-18 15:47:34,008 INFO END load_data elapsed=4.851380s
2026-02-18 15:47:34,010 INFO START save_data(<dict>)
2026-02-18 15:47:38,055 INFO END save_data elapsed=4.045573s
2026-02-18 15:47:38,055 INFO START load_data()
2026-02-18 15:47:42,388 INFO END load_data elapsed=4.335805s
2026-02-18 15:48:21,908 INFO START init_db()
2026-02-18 15:48:23,086 INFO END init_db elapsed=1.170765s
2026-02-18 15:48:34,331 INFO START init_db()
2026-02-18 15:48:35,486 INFO END init_db elapsed=1.155795s
2026-02-18 15:48:35,486 INFO START verify_login('admin', 'admin123')
2026-02-18 15:48:36,862 INFO END verify_login elapsed=1.371069s
2026-02-18 15:48:36,920 INFO START init_db()
2026-02-18 15:48:38,069 INFO END init_db elapsed=1.153379s
2026-02-18 15:48:38,069 INFO START main()
2026-02-18 15:48:38,069 INFO START _load_data()
2026-02-18 15:48:38,078 INFO START load_data()
2026-02-18 15:48:42,453 INFO END load_data elapsed=4.374532s
2026-02-18 15:48:42,453 INFO END _load_data elapsed=4.376054s
2026-02-18 15:48:42,690 INFO END main elapsed=4.615356s
2026-02-18 15:49:44,870 INFO START init_db()
2026-02-18 15:49:46,025 INFO END init_db elapsed=1.154081s
2026-02-18 15:49:51,555 INFO START init_db()
2026-02-18 15:49:52,705 INFO END init_db elapsed=1.148486s
2026-02-18 15:49:52,705 INFO START verify_login('admin', 'admin123')
2026-02-18 15:49:54,071 INFO END verify_login elapsed=1.365968s
2026-02-18 15:49:54,121 INFO START init_db()
2026-02-18 15:49:55,271 INFO END init_db elapsed=1.148269s
2026-02-18 15:49:55,271 INFO START main()
2026-02-18 15:49:55,427 INFO END main elapsed=0.148451s
2026-02-18 15:50:07,031 INFO START init_db()
2026-02-18 15:50:08,182 INFO END init_db elapsed=1.154014s
2026-02-18 15:50:08,182 INFO START main()
2026-02-18 15:50:08,317 INFO END main elapsed=0.130769s
2026-02-18 15:50:13,114 INFO START init_db()
2026-02-18 15:50:14,281 INFO END init_db elapsed=1.165442s
2026-02-18 15:50:14,281 INFO START main()
2026-02-18 15:50:14,332 INFO START _save_data(<dict>)
2026-02-18 15:50:14,333 INFO START save_data(<dict>)
2026-02-18 15:50:18,371 INFO END save_data elapsed=4.050226s
2026-02-18 15:50:18,371 INFO END _save_data elapsed=4.052123s
2026-02-18 15:50:18,417 INFO END main elapsed=4.137911s
2026-02-18 15:50:18,472 INFO START init_db()
2026-02-18 15:50:19,622 INFO END init_db elapsed=1.154601s
2026-02-18 15:50:19,622 INFO START main()
2026-02-18 15:50:19,622 INFO START _load_data()
2026-02-18 15:50:19,622 INFO START load_data()
2026-02-18 15:50:23,964 INFO END load_data elapsed=4.337917s
2026-02-18 15:50:23,964 INFO END _load_data elapsed=4.338867s
2026-02-18 15:50:24,139 INFO END main elapsed=4.510426s
2026-02-18 15:50:31,022 INFO START init_db()
2026-02-18 15:50:32,173 INFO END init_db elapsed=1.152063s
2026-02-18 15:50:32,173 INFO START main()
2026-02-18 15:50:32,173 INFO END main elapsed=0.001477s
2026-02-18 15:50:32,230 INFO START init_db()
2026-02-18 15:50:33,380 INFO END init_db elapsed=1.146559s
2026-02-18 15:50:41,398 INFO START init_db()
2026-02-18 15:50:42,547 INFO END init_db elapsed=1.145890s
2026-02-18 15:50:42,547 INFO START verify_login('admin', 'admin123')
2026-02-18 15:50:43,938 INFO END verify_login elapsed=1.392526s
2026-02-18 15:50:43,988 INFO START init_db()
2026-02-18 15:50:45,147 INFO END init_db elapsed=1.152800s
2026-02-18 15:50:45,147 INFO START main()
2026-02-18 15:50:45,326 INFO END main elapsed=0.178060s
2026-02-18 15:59:25,183 INFO START init_db()
2026-02-18 15:59:26,793 INFO END init_db elapsed=1.608424s
2026-02-18 15:59:26,793 INFO START add_user_id_columns()
2026-02-18 15:59:28,906 INFO END add_user_id_columns elapsed=2.115421s
2026-02-18 15:59:28,906 INFO START verify_login('admin', 'admin123')
2026-02-18 15:59:30,325 INFO END verify_login elapsed=1.415164s
2026-02-18 15:59:30,325 INFO START load_data(1)
2026-02-18 15:59:34,729 INFO END load_data elapsed=4.403457s
2026-02-18 15:59:34,730 INFO START save_data(<dict>, 1)
2026-02-18 15:59:39,582 INFO END save_data elapsed=4.857891s
2026-02-18 15:59:39,582 INFO START load_data(1)
2026-02-18 15:59:43,984 INFO END load_data elapsed=4.396013s
2026-02-18 16:00:53,836 INFO START init_db()
2026-02-18 16:00:54,995 INFO END init_db elapsed=1.172595s
2026-02-18 16:00:54,995 INFO START add_user_id_columns()
2026-02-18 16:00:57,075 INFO END add_user_id_columns elapsed=2.064596s
2026-02-18 16:01:12,725 INFO START init_db()
2026-02-18 16:01:13,884 INFO END init_db elapsed=1.152898s
2026-02-18 16:01:13,884 INFO START add_user_id_columns()
2026-02-18 16:01:15,931 INFO END add_user_id_columns elapsed=2.059376s
2026-02-18 16:01:15,947 INFO START verify_login('admin', 'admin123')
2026-02-18 16:01:17,325 INFO END verify_login elapsed=1.377778s
2026-02-18 16:01:17,375 INFO START init_db()
2026-02-18 16:01:18,537 INFO END init_db elapsed=1.158228s
2026-02-18 16:01:18,538 INFO START add_user_id_columns()
2026-02-18 16:01:19,900 INFO START init_db()
2026-02-18 16:01:20,581 INFO END add_user_id_columns elapsed=2.043116s
2026-02-18 16:01:21,058 INFO END init_db elapsed=1.160562s
2026-02-18 16:01:21,058 INFO START add_user_id_columns()
2026-02-18 16:01:23,107 INFO END add_user_id_columns elapsed=2.044357s
2026-02-18 16:01:23,107 INFO START main()
2026-02-18 16:01:23,111 INFO START _load_data(1)
2026-02-18 16:01:23,111 INFO START load_data(1)
2026-02-18 16:01:27,550 INFO END load_data elapsed=4.440289s
2026-02-18 16:01:27,550 INFO END _load_data elapsed=4.441215s
2026-02-18 16:01:27,744 INFO END main elapsed=4.636408s
2026-02-18 16:02:23,114 INFO START init_db()
2026-02-18 16:02:24,268 INFO END init_db elapsed=1.154081s
2026-02-18 16:02:24,269 INFO START add_user_id_columns()
2026-02-18 16:02:26,311 INFO END add_user_id_columns elapsed=2.044504s
2026-02-18 16:02:26,311 INFO START main()
2026-02-18 16:02:27,491 INFO END main elapsed=1.176297s
2026-02-18 16:02:41,353 INFO START init_db()
2026-02-18 16:02:42,512 INFO END init_db elapsed=1.164090s
2026-02-18 16:02:42,512 INFO START add_user_id_columns()
2026-02-18 16:02:44,561 INFO END add_user_id_columns elapsed=2.047742s
2026-02-18 16:02:44,561 INFO START main()
2026-02-18 16:02:45,747 INFO END main elapsed=1.188044s
2026-02-18 16:02:50,990 INFO START init_db()
2026-02-18 16:02:52,147 INFO END init_db elapsed=1.158948s
2026-02-18 16:02:52,147 INFO START add_user_id_columns()
2026-02-18 16:02:54,200 INFO END add_user_id_columns elapsed=2.051821s
2026-02-18 16:02:54,200 INFO START main()
2026-02-18 16:02:55,377 INFO START create_user('beto', 'beto123')
2026-02-18 16:02:56,795 INFO END create_user elapsed=1.427165s
2026-02-18 16:02:57,969 INFO END main elapsed=3.768096s
2026-02-18 16:03:01,372 INFO START init_db()
2026-02-18 16:03:02,520 INFO END init_db elapsed=1.152122s
2026-02-18 16:03:02,520 INFO START add_user_id_columns()
2026-02-18 16:03:04,576 INFO END add_user_id_columns elapsed=2.062805s
2026-02-18 16:03:04,576 INFO START main()
2026-02-18 16:03:04,576 INFO END main elapsed=0.001531s
2026-02-18 16:03:04,635 INFO START init_db()
2026-02-18 16:03:05,794 INFO END init_db elapsed=1.158844s
2026-02-18 16:03:05,794 INFO START add_user_id_columns()
2026-02-18 16:03:07,862 INFO END add_user_id_columns elapsed=2.066390s
2026-02-18 16:03:15,695 INFO START init_db()
2026-02-18 16:03:16,852 INFO END init_db elapsed=1.162376s
2026-02-18 16:03:16,852 INFO START add_user_id_columns()
2026-02-18 16:03:18,901 INFO END add_user_id_columns elapsed=2.055777s
2026-02-18 16:03:18,916 INFO START verify_login('beto', 'beto123')
2026-02-18 16:03:20,294 INFO END verify_login elapsed=1.381074s
2026-02-18 16:03:20,352 INFO START init_db()
2026-02-18 16:03:21,511 INFO END init_db elapsed=1.161367s
2026-02-18 16:03:21,511 INFO START add_user_id_columns()
2026-02-18 16:03:23,583 INFO END add_user_id_columns elapsed=2.067457s
2026-02-18 16:03:23,583 INFO START main()
2026-02-18 16:03:23,583 INFO START _load_data(2)
2026-02-18 16:03:23,583 INFO START load_data(2)
2026-02-18 16:03:27,577 INFO END load_data elapsed=3.993540s
2026-02-18 16:03:27,577 INFO END _load_data elapsed=3.994383s
2026-02-18 16:03:27,594 INFO END main elapsed=4.011634s
2026-02-18 16:03:32,203 INFO START init_db()
2026-02-18 16:03:33,378 INFO END init_db elapsed=1.171823s
2026-02-18 16:03:33,378 INFO START add_user_id_columns()
2026-02-18 16:03:35,433 INFO END add_user_id_columns elapsed=2.062387s
2026-02-18 16:03:35,433 INFO START main()
2026-02-18 16:03:36,619 INFO END main elapsed=1.174156s
2026-02-18 16:05:11,036 INFO START init_db()
2026-02-18 16:05:12,254 INFO END init_db elapsed=1.224036s
2026-02-18 16:05:12,254 INFO START add_user_id_columns()
2026-02-18 16:05:14,305 INFO END add_user_id_columns elapsed=2.038900s
2026-02-18 16:05:20,624 INFO START init_db()
2026-02-18 16:05:21,771 INFO END init_db elapsed=1.147347s
2026-02-18 16:05:21,771 INFO START add_user_id_columns()
2026-02-18 16:05:23,811 INFO END add_user_id_columns elapsed=2.035824s
2026-02-18 16:05:23,813 INFO START verify_login('beto', 'beto123')
2026-02-18 16:05:25,188 INFO END verify_login elapsed=1.372121s
2026-02-18 16:05:25,238 INFO START init_db()
2026-02-18 16:05:26,389 INFO END init_db elapsed=1.152988s
2026-02-18 16:05:26,389 INFO START add_user_id_columns()
2026-02-18 16:05:28,437 INFO END add_user_id_columns elapsed=2.051501s
2026-02-18 16:05:28,437 INFO START main()
2026-02-18 16:05:28,461 INFO END main elapsed=0.014910s
2026-02-18 16:05:59,456 INFO START init_db()
2026-02-18 16:06:00,614 INFO END init_db elapsed=1.163201s
2026-02-18 16:06:00,614 INFO START add_user_id_columns()
2026-02-18 16:06:02,666 INFO END add_user_id_columns elapsed=2.053090s
2026-02-18 16:06:02,666 INFO START main()
2026-02-18 16:06:02,666 INFO END main elapsed=0.001607s
2026-02-18 16:06:02,724 INFO START init_db()
2026-02-18 16:06:03,880 INFO END init_db elapsed=1.145813s
2026-02-18 16:06:03,880 INFO START add_user_id_columns()
2026-02-18 16:06:05,927 INFO END add_user_id_columns elapsed=2.041291s
2026-02-18 16:06:10,743 INFO START init_db()
2026-02-18 16:06:11,905 INFO END init_db elapsed=1.151260s
2026-02-18 16:06:11,905 INFO START add_user_id_columns()
2026-02-18 16:06:13,938 INFO END add_user_id_columns elapsed=2.040759s
2026-02-18 16:06:13,953 INFO START verify_login('admin', 'admin123')
2026-02-18 16:06:15,323 INFO END verify_login elapsed=1.369908s
2026-02-18 16:06:15,372 INFO START init_db()
2026-02-18 16:06:16,522 INFO END init_db elapsed=1.149715s
2026-02-18 16:06:16,522 INFO START add_user_id_columns()
2026-02-18 16:06:18,553 INFO END add_user_id_columns elapsed=2.029212s
2026-02-18 16:06:18,553 INFO START main()
2026-02-18 16:06:18,698 INFO END main elapsed=0.140964s
2026-02-18 16:07:57,401 INFO START init_db()
2026-02-18 16:07:58,557 INFO END init_db elapsed=1.153815s
2026-02-18 16:07:58,557 INFO START add_user_id_columns()
2026-02-18 16:08:00,584 INFO END add_user_id_columns elapsed=2.029412s
2026-02-18 16:08:05,741 INFO START init_db()
2026-02-18 16:08:06,891 INFO END init_db elapsed=1.151985s
2026-02-18 16:08:06,891 INFO START add_user_id_columns()
2026-02-18 16:08:08,942 INFO END add_user_id_columns elapsed=2.043756s
2026-02-18 16:08:08,942 INFO START verify_login('admin', 'admin123')
2026-02-18 16:08:10,325 INFO END verify_login elapsed=1.378990s
2026-02-18 16:08:10,375 INFO START init_db()
2026-02-18 16:08:11,516 INFO END init_db elapsed=1.144985s
2026-02-18 16:08:11,516 INFO START add_user_id_columns()
2026-02-18 16:08:13,562 INFO END add_user_id_columns elapsed=2.038958s
2026-02-18 16:08:13,562 INFO START main()
2026-02-18 16:08:13,709 INFO END main elapsed=0.144434s
